<?xml version="1.0" encoding="UTF-8"?>
<testsuite xmlns:xsi="http://www.w3.org/2001/XMLSchema-instance" xsi:noNamespaceSchemaLocation="https://maven.apache.org/surefire/maven-surefire-plugin/xsd/surefire-test-report-3.0.xsd" version="3.0" name="com.QuantityMeasurementApp.QuantityMeasurementAppTest" time="0.177" tests="27" errors="0" skipped="0" failures="0">
  <properties>
[...]
</properties>
  <testcase name="testDivision_WithSmallRatio" classname="com.QuantityMeasurementApp.QuantityMeasurementAppTest" time="0.061"/>
  <testcase name="testSubtraction_ExplicitTargetUnit_Feet" classname="com.QuantityMeasurementApp.QuantityMeasurementAppTest" time="0.002"/>
  <testcase name="testDivision_SameUnit_LitreDividedByLitre" classname="com.QuantityMeasurementApp.QuantityMeasurementAppTest" time="0.003"/>
  <testcase name="testSubtraction_WithNegativeValues" classname="com.QuantityMeasurementApp.QuantityMeasurementAppTest" time="0.002"/>
  <testcase name="testSubtraction_NullTargetUnit" classname="com.QuantityMeasurementApp.QuantityMeasurementAppTest" time="0.004"/>
  <testcase name="testSubtraction_NullOperand" classname="com.QuantityMeasurementApp.QuantityMeasurementAppTest" time="0.002"/>
  <testcase name="testSubtraction_WithZeroOperand" classname="com.QuantityMeasurementApp.QuantityMeasurementAppTest" time="0.002"/>
  <testcase name="testSubtraction_CrossUnit_FeetMinusInches" classname="com.QuantityMeasurementApp.QuantityMeasurementAppTest" time="0.001"/>
  <testcase name="testDivision_RatioEqualToOne" classname="com.QuantityMeasurementApp.QuantityMeasurementAppTest" time="0.001"/>
  <testcase name="testDivision_WithLargeRatio" classname="com.QuantityMeasurementApp.QuantityMeasurementAppTest" time="0.001"/>
  <testcase name="testSubtraction_ResultingInZero" classname="com.QuantityMeasurementApp.QuantityMeasurementAppTest" time="0.0"/>
  <testcase name="testSubtraction_ExplicitTargetUnit_Inches" classname="com.QuantityMeasurementApp.QuantityMeasurementAppTest" time="0.001"/>
  <testcase name="testDivision_CrossUnit_FeetDividedByInches" classname="com.QuantityMeasurementApp.QuantityMeasurementAppTest" time="0.0"/>
  <testcase name="testSubtraction_WithLargeValues" classname="com.QuantityMeasurementApp.QuantityMeasurementAppTest" time="0.001"/>
  <testcase name="testDivision_ByZero" classname="com.QuantityMeasurementApp.QuantityMeasurementAppTest" time="0.003"/>
  <testcase name="testSubtraction_NonCommutative" classname="com.QuantityMeasurementApp.QuantityMeasurementAppTest" time="0.002"/>
  <testcase name="testDivision_CrossUnit_KilogramDividedByGram" classname="com.QuantityMeasurementApp.QuantityMeasurementAppTest" time="0.001"/>
  <testcase name="testDivision_NonCommutative" classname="com.QuantityMeasurementApp.QuantityMeasurementAppTest" time="0.003"/>
  <testcase name="testDivision_RatioGreaterThanOne" classname="com.QuantityMeasurementApp.QuantityMeasurementAppTest" time="0.002"/>
  <testcase name="testSubtraction_ExplicitTargetUnit_Millilitre" classname="com.QuantityMeasurementApp.QuantityMeasurementAppTest" time="0.001"/>
  <testcase name="testDivision_NullOperand" classname="com.QuantityMeasurementApp.QuantityMeasurementAppTest" time="0.001"/>
  <testcase name="testSubtraction_SameUnit_FeetMinusFeet" classname="com.QuantityMeasurementApp.QuantityMeasurementAppTest" time="0.001"/>
  <testcase name="testDivision_RatioLessThanOne" classname="com.QuantityMeasurementApp.QuantityMeasurementAppTest" time="0.001"/>
  <testcase name="testSubtraction_SameUnit_LitreMinusLitre" classname="com.QuantityMeasurementApp.QuantityMeasurementAppTest" time="0.0"/>
  <testcase name="testDivision_SameUnit_FeetDividedByFeet" classname="com.QuantityMeasurementApp.QuantityMeasurementAppTest" time="0.001"/>
  <testcase name="testSubtraction_CrossUnit_InchesMinusFeet" classname="com.QuantityMeasurementApp.QuantityMeasurementAppTest" time="0.001"/>
  <testcase name="testSubtraction_ResultingInNegative" classname="com.QuantityMeasurementApp.QuantityMeasurementAppTest" time="0.001"/>
</testsuite>