<?xml version="1.0" encoding="UTF-8"?>
<testsuite xmlns:xsi="http://www.w3.org/2001/XMLSchema-instance" xsi:noNamespaceSchemaLocation="https://maven.apache.org/surefire/maven-surefire-plugin/xsd/surefire-test-report-3.0.xsd" version="3.0" name="com.QuantityMeasurementApp.QuantityMeasurementAppTest" time="0.161" tests="18" errors="0" skipped="0" failures="0">
  <properties>
[...]
</properties>
  <testcase name="testService_CompareEquality_SameUnit_Success" classname="com.QuantityMeasurementApp.QuantityMeasurementAppTest" time="0.061"/>
  <testcase name="testService_CompareEquality_DifferentUnit_Success" classname="com.QuantityMeasurementApp.QuantityMeasurementAppTest" time="0.002"/>
  <testcase name="testService_Add_UnsupportedOperation_Error" classname="com.QuantityMeasurementApp.QuantityMeasurementAppTest" time="0.011"/>
  <testcase name="testController_DemonstrateAddition_Error" classname="com.QuantityMeasurementApp.QuantityMeasurementAppTest" time="0.002"/>
  <testcase name="testController_DemonstrateEquality_Success" classname="com.QuantityMeasurementApp.QuantityMeasurementAppTest" time="0.001"/>
  <testcase name="testService_Subtract_Success" classname="com.QuantityMeasurementApp.QuantityMeasurementAppTest" time="0.001"/>
  <testcase name="testIntegration_EndToEnd_TemperatureUnsupported" classname="com.QuantityMeasurementApp.QuantityMeasurementAppTest" time="0.001"/>
  <testcase name="testQuantityEntity_SingleOperandConstruction" classname="com.QuantityMeasurementApp.QuantityMeasurementAppTest" time="0.012"/>
  <testcase name="testQuantityEntity_ToString_Success" classname="com.QuantityMeasurementApp.QuantityMeasurementAppTest" time="0.008"/>
  <testcase name="testService_Add_Success" classname="com.QuantityMeasurementApp.QuantityMeasurementAppTest" time="0.001"/>
  <testcase name="testService_CompareEquality_CrossCategory_Error" classname="com.QuantityMeasurementApp.QuantityMeasurementAppTest" time="0.003"/>
  <testcase name="testController_DemonstrateAddition_Success" classname="com.QuantityMeasurementApp.QuantityMeasurementAppTest" time="0.001"/>
  <testcase name="testController_DemonstrateConversion_Success" classname="com.QuantityMeasurementApp.QuantityMeasurementAppTest" time="0.001"/>
  <testcase name="testService_Divide_Success" classname="com.QuantityMeasurementApp.QuantityMeasurementAppTest" time="0.001"/>
  <testcase name="testService_Convert_Success" classname="com.QuantityMeasurementApp.QuantityMeasurementAppTest" time="0.001"/>
  <testcase name="testService_Divide_ByZero_Error" classname="com.QuantityMeasurementApp.QuantityMeasurementAppTest" time="0.002"/>
  <testcase name="testQuantityEntity_BinaryOperandConstruction" classname="com.QuantityMeasurementApp.QuantityMeasurementAppTest" time="0.001"/>
  <testcase name="testIntegration_EndToEnd_LengthAddition" classname="com.QuantityMeasurementApp.QuantityMeasurementAppTest" time="0.001"/>
</testsuite>